@!@!@STARTMSG 2262:0 @!@!@
TLC2 Version 2.16 of 31 December 2020 (rev: cdddf55)
@!@!@ENDMSG 2262 @!@!@
@!@!@STARTMSG 2187:0 @!@!@
Running breadth-first search Model-Checking with fp 58 and seed -7100205968724140956 with 1 worker on 1 cores with 592MB heap and 1329MB offheap memory [pid: 5980] (Linux 4.15.0-70-generic amd64, AdoptOpenJDK 14.0.1 x86_64, OffHeapDiskFPSet, DiskStateQueue).
@!@!@ENDMSG 2187 @!@!@
@!@!@STARTMSG 2220:0 @!@!@
Starting SANY...
@!@!@ENDMSG 2220 @!@!@
Parsing file /home/ruslan/.tlaplus/BackeryLock/BackeryLock.toolbox/Model_1/MC.tla
Parsing file /home/ruslan/.tlaplus/BackeryLock/BackeryLock.toolbox/Model_1/BackeryLock.tla
Parsing file /home/ruslan/toolbox/plugins/org.lamport.tlatools_1.0.0.202012311918/tla2sany/StandardModules/TLC.tla
Parsing file /home/ruslan/toolbox/plugins/org.lamport.tlatools_1.0.0.202012311918/tla2sany/StandardModules/Integers.tla
Parsing file /home/ruslan/toolbox/plugins/org.lamport.tlatools_1.0.0.202012311918/tla2sany/StandardModules/Sequences.tla
Parsing file /home/ruslan/toolbox/plugins/org.lamport.tlatools_1.0.0.202012311918/tla2sany/StandardModules/Naturals.tla
Parsing file /home/ruslan/toolbox/plugins/org.lamport.tlatools_1.0.0.202012311918/tla2sany/StandardModules/FiniteSets.tla
Semantic processing of module Naturals
Semantic processing of module Integers
Semantic processing of module Sequences
Semantic processing of module BackeryLock
Semantic processing of module FiniteSets
Semantic processing of module TLC
Semantic processing of module MC
@!@!@STARTMSG 2219:0 @!@!@
SANY finished.
@!@!@ENDMSG 2219 @!@!@
@!@!@STARTMSG 2185:0 @!@!@
Starting... (2021-01-08 23:12:04)
@!@!@ENDMSG 2185 @!@!@
@!@!@STARTMSG 2189:0 @!@!@
Computing initial states...
@!@!@ENDMSG 2189 @!@!@
@!@!@STARTMSG 2190:0 @!@!@
Finished computing initial states: 1 distinct state generated at 2021-01-08 23:12:06.
@!@!@ENDMSG 2190 @!@!@
@!@!@STARTMSG 2200:0 @!@!@
Progress(10) at 2021-01-08 23:12:09: 14 481 states generated (14 481 s/min), 4 447 distinct states found (4 447 ds/min), 1 911 states left on queue.
@!@!@ENDMSG 2200 @!@!@
@!@!@STARTMSG 2200:0 @!@!@
Progress(26) at 2021-01-08 23:13:09: 1 857 333 states generated (1 842 852 s/min), 404 403 distinct states found (399 956 ds/min), 66 835 states left on queue.
@!@!@ENDMSG 2200 @!@!@
@!@!@STARTMSG 2200:0 @!@!@
Progress(30) at 2021-01-08 23:14:09: 3 714 873 states generated (1 857 540 s/min), 792 809 distinct states found (388 406 ds/min), 111 323 states left on queue.
@!@!@ENDMSG 2200 @!@!@
@!@!@STARTMSG 2200:0 @!@!@
Progress(33) at 2021-01-08 23:15:09: 5 458 181 states generated (1 743 308 s/min), 1 153 091 distinct states found (360 282 ds/min), 147 258 states left on queue.
@!@!@ENDMSG 2200 @!@!@
@!@!@STARTMSG 2201:0 @!@!@
The coverage statistics at 2021-01-08 23:15:09
@!@!@ENDMSG 2201 @!@!@
@!@!@STARTMSG 2773:0 @!@!@
<Init line 113, col 1 to line 113, col 4 of module BackeryLock>: 1:1
@!@!@ENDMSG 2773 @!@!@
@!@!@STARTMSG 2221:0 @!@!@
  line 114, col 9 to line 140, col 43 of module BackeryLock: 1
@!@!@ENDMSG 2221 @!@!@
@!@!@STARTMSG 2772:0 @!@!@
<ncs0 line 142, col 1 to line 142, col 10 of module BackeryLock>: 189136:857848
@!@!@ENDMSG 2772 @!@!@
@!@!@STARTMSG 2221:0 @!@!@
  line 142, col 18 to line 142, col 34 of module BackeryLock: 5458300
@!@!@ENDMSG 2221 @!@!@
@!@!@STARTMSG 2221:0 @!@!@
  |line 142, col 18 to line 142, col 25 of module BackeryLock: 5029376
@!@!@ENDMSG 2221 @!@!@
@!@!@STARTMSG 2221:0 @!@!@
  line 144, col 20 to line 144, col 62 of module BackeryLock: 857848
@!@!@ENDMSG 2221 @!@!@
@!@!@STARTMSG 2775:0 @!@!@
  line 143, col 27 to line 143, col 31 of module BackeryLock: 428924:1286772
@!@!@ENDMSG 2775 @!@!@
@!@!@STARTMSG 2221:0 @!@!@
  line 145, col 18 to line 145, col 51 of module BackeryLock: 857848
@!@!@ENDMSG 2221 @!@!@
@!@!@STARTMSG 2221:0 @!@!@
  line 146, col 18 to line 149, col 63 of module BackeryLock: 857848
@!@!@ENDMSG 2221 @!@!@
@!@!@STARTMSG 2772:0 @!@!@
<ncs1 line 151, col 1 to line 151, col 10 of module BackeryLock>: 168188:760758
@!@!@ENDMSG 2772 @!@!@
@!@!@STARTMSG 2221:0 @!@!@
  line 151, col 18 to line 151, col 34 of module BackeryLock: 5790272
@!@!@ENDMSG 2221 @!@!@
@!@!@STARTMSG 2221:0 @!@!@
  |line 151, col 18 to line 151, col 25 of module BackeryLock: 5029475
@!@!@ENDMSG 2221 @!@!@
@!@!@STARTMSG 2221:0 @!@!@
  line 152, col 21 to line 152, col 39 of module BackeryLock: 760797
@!@!@ENDMSG 2221 @!@!@
@!@!@STARTMSG 2221:0 @!@!@
  line 153, col 26 to line 153, col 62 of module BackeryLock: 380366
@!@!@ENDMSG 2221 @!@!@
@!@!@STARTMSG 2221:0 @!@!@
  line 154, col 26 to line 154, col 62 of module BackeryLock: 380392
@!@!@ENDMSG 2221 @!@!@
@!@!@STARTMSG 2221:0 @!@!@
  line 155, col 18 to line 158, col 73 of module BackeryLock: 760797
@!@!@ENDMSG 2221 @!@!@
@!@!@STARTMSG 2772:0 @!@!@
<ncs2 line 160, col 1 to line 160, col 10 of module BackeryLock>: 74478:335862
@!@!@ENDMSG 2772 @!@!@
@!@!@STARTMSG 2221:0 @!@!@
  line 160, col 18 to line 160, col 34 of module BackeryLock: 5365337
@!@!@ENDMSG 2221 @!@!@
@!@!@STARTMSG 2221:0 @!@!@
  |line 160, col 18 to line 160, col 25 of module BackeryLock: 5029475
@!@!@ENDMSG 2221 @!@!@
@!@!@STARTMSG 2221:0 @!@!@
  line 161, col 18 to line 161, col 51 of module BackeryLock: 335862
@!@!@ENDMSG 2221 @!@!@
@!@!@STARTMSG 2221:0 @!@!@
  line 162, col 18 to line 165, col 73 of module BackeryLock: 335862
@!@!@ENDMSG 2221 @!@!@
@!@!@STARTMSG 2772:0 @!@!@
<ncs3 line 167, col 1 to line 167, col 10 of module BackeryLock>: 0:295170
@!@!@ENDMSG 2772 @!@!@
@!@!@STARTMSG 2221:0 @!@!@
  line 167, col 18 to line 167, col 34 of module BackeryLock: 5324645
@!@!@ENDMSG 2221 @!@!@
@!@!@STARTMSG 2221:0 @!@!@
  |line 167, col 18 to line 167, col 25 of module BackeryLock: 5029475
@!@!@ENDMSG 2221 @!@!@
@!@!@STARTMSG 2221:0 @!@!@
  line 168, col 18 to line 168, col 21 of module BackeryLock: 295170
@!@!@ENDMSG 2221 @!@!@
@!@!@STARTMSG 2221:0 @!@!@
  line 169, col 18 to line 169, col 51 of module BackeryLock: 295170
@!@!@ENDMSG 2221 @!@!@
@!@!@STARTMSG 2221:0 @!@!@
  line 170, col 18 to line 173, col 73 of module BackeryLock: 295170
@!@!@ENDMSG 2221 @!@!@
@!@!@STARTMSG 2772:0 @!@!@
<ncs4 line 175, col 1 to line 175, col 10 of module BackeryLock>: 74478:335921
@!@!@ENDMSG 2772 @!@!@
@!@!@STARTMSG 2221:0 @!@!@
  line 175, col 18 to line 175, col 34 of module BackeryLock: 5365422
@!@!@ENDMSG 2221 @!@!@
@!@!@STARTMSG 2221:0 @!@!@
  |line 175, col 18 to line 175, col 25 of module BackeryLock: 5029501
@!@!@ENDMSG 2221 @!@!@
@!@!@STARTMSG 2221:0 @!@!@
  line 176, col 18 to line 176, col 65 of module BackeryLock: 335921
@!@!@ENDMSG 2221 @!@!@
@!@!@STARTMSG 2221:0 @!@!@
  line 177, col 18 to line 177, col 86 of module BackeryLock: 335921
@!@!@ENDMSG 2221 @!@!@
@!@!@STARTMSG 2221:0 @!@!@
  line 178, col 18 to line 178, col 68 of module BackeryLock: 335921
@!@!@ENDMSG 2221 @!@!@
@!@!@STARTMSG 2221:0 @!@!@
  line 179, col 18 to line 182, col 47 of module BackeryLock: 335921
@!@!@ENDMSG 2221 @!@!@
@!@!@STARTMSG 2772:0 @!@!@
<ll1 line 187, col 1 to line 187, col 9 of module BackeryLock>: 0:0
@!@!@ENDMSG 2772 @!@!@
@!@!@STARTMSG 2221:0 @!@!@
  line 187, col 17 to line 187, col 32 of module BackeryLock: 5029568
@!@!@ENDMSG 2221 @!@!@
@!@!@STARTMSG 2221:0 @!@!@
  line 188, col 17 to line 188, col 75 of module BackeryLock: 0
@!@!@ENDMSG 2221 @!@!@
@!@!@STARTMSG 2221:0 @!@!@
  line 189, col 17 to line 189, col 49 of module BackeryLock: 0
@!@!@ENDMSG 2221 @!@!@
@!@!@STARTMSG 2221:0 @!@!@
  line 190, col 17 to line 193, col 52 of module BackeryLock: 0
@!@!@ENDMSG 2221 @!@!@
@!@!@STARTMSG 2772:0 @!@!@
<ll2 line 195, col 1 to line 195, col 9 of module BackeryLock>: 0:0
@!@!@ENDMSG 2772 @!@!@
@!@!@STARTMSG 2221:0 @!@!@
  line 195, col 17 to line 195, col 32 of module BackeryLock: 5029625
@!@!@ENDMSG 2221 @!@!@
@!@!@STARTMSG 2221:0 @!@!@
  line 196, col 17 to line 196, col 75 of module BackeryLock: 0
@!@!@ENDMSG 2221 @!@!@
@!@!@STARTMSG 2221:0 @!@!@
  line 197, col 17 to line 197, col 49 of module BackeryLock: 0
@!@!@ENDMSG 2221 @!@!@
@!@!@STARTMSG 2221:0 @!@!@
  line 198, col 17 to line 201, col 52 of module BackeryLock: 0
@!@!@ENDMSG 2221 @!@!@
@!@!@STARTMSG 2772:0 @!@!@
<ll3 line 203, col 1 to line 203, col 9 of module BackeryLock>: 0:0
@!@!@ENDMSG 2772 @!@!@
@!@!@STARTMSG 2221:0 @!@!@
  line 203, col 17 to line 203, col 32 of module BackeryLock: 5029625
@!@!@ENDMSG 2221 @!@!@
@!@!@STARTMSG 2221:0 @!@!@
  line 205, col 28 to line 205, col 82 of module BackeryLock: 0
@!@!@ENDMSG 2221 @!@!@
@!@!@STARTMSG 2221:0 @!@!@
  line 206, col 28 to line 206, col 75 of module BackeryLock: 0
@!@!@ENDMSG 2221 @!@!@
@!@!@STARTMSG 2221:0 @!@!@
  line 207, col 28 to line 207, col 96 of module BackeryLock: 0
@!@!@ENDMSG 2221 @!@!@
@!@!@STARTMSG 2221:0 @!@!@
  line 208, col 28 to line 208, col 96 of module BackeryLock: 0
@!@!@ENDMSG 2221 @!@!@
@!@!@STARTMSG 2221:0 @!@!@
  line 209, col 28 to line 209, col 78 of module BackeryLock: 0
@!@!@ENDMSG 2221 @!@!@
@!@!@STARTMSG 2221:0 @!@!@
  line 210, col 28 to line 210, col 78 of module BackeryLock: 0
@!@!@ENDMSG 2221 @!@!@
@!@!@STARTMSG 2221:0 @!@!@
  line 211, col 28 to line 211, col 78 of module BackeryLock: 0
@!@!@ENDMSG 2221 @!@!@
@!@!@STARTMSG 2221:0 @!@!@
  line 212, col 28 to line 212, col 60 of module BackeryLock: 0
@!@!@ENDMSG 2221 @!@!@
@!@!@STARTMSG 2221:0 @!@!@
  line 213, col 28 to line 214, col 63 of module BackeryLock: 0
@!@!@ENDMSG 2221 @!@!@
@!@!@STARTMSG 2221:0 @!@!@
  line 215, col 17 to line 217, col 52 of module BackeryLock: 0
@!@!@ENDMSG 2221 @!@!@
@!@!@STARTMSG 2772:0 @!@!@
<ll4 line 219, col 1 to line 219, col 9 of module BackeryLock>: 0:0
@!@!@ENDMSG 2772 @!@!@
@!@!@STARTMSG 2221:0 @!@!@
  line 219, col 17 to line 219, col 32 of module BackeryLock: 5029625
@!@!@ENDMSG 2221 @!@!@
@!@!@STARTMSG 2221:0 @!@!@
  line 221, col 28 to line 221, col 82 of module BackeryLock: 0
@!@!@ENDMSG 2221 @!@!@
@!@!@STARTMSG 2221:0 @!@!@
  line 222, col 28 to line 222, col 75 of module BackeryLock: 0
@!@!@ENDMSG 2221 @!@!@
@!@!@STARTMSG 2221:0 @!@!@
  line 223, col 28 to line 223, col 96 of module BackeryLock: 0
@!@!@ENDMSG 2221 @!@!@
@!@!@STARTMSG 2221:0 @!@!@
  line 224, col 28 to line 224, col 96 of module BackeryLock: 0
@!@!@ENDMSG 2221 @!@!@
@!@!@STARTMSG 2221:0 @!@!@
  line 225, col 28 to line 225, col 78 of module BackeryLock: 0
@!@!@ENDMSG 2221 @!@!@
@!@!@STARTMSG 2221:0 @!@!@
  line 226, col 28 to line 226, col 78 of module BackeryLock: 0
@!@!@ENDMSG 2221 @!@!@
@!@!@STARTMSG 2221:0 @!@!@
  line 227, col 28 to line 227, col 78 of module BackeryLock: 0
@!@!@ENDMSG 2221 @!@!@
@!@!@STARTMSG 2221:0 @!@!@
  line 228, col 28 to line 228, col 60 of module BackeryLock: 0
@!@!@ENDMSG 2221 @!@!@
@!@!@STARTMSG 2221:0 @!@!@
  line 229, col 28 to line 230, col 63 of module BackeryLock: 0
@!@!@ENDMSG 2221 @!@!@
@!@!@STARTMSG 2221:0 @!@!@
  line 231, col 17 to line 233, col 52 of module BackeryLock: 0
@!@!@ENDMSG 2221 @!@!@
@!@!@STARTMSG 2772:0 @!@!@
<ll5 line 235, col 1 to line 235, col 9 of module BackeryLock>: 0:0
@!@!@ENDMSG 2772 @!@!@
@!@!@STARTMSG 2221:0 @!@!@
  line 235, col 17 to line 235, col 32 of module BackeryLock: 5029829
@!@!@ENDMSG 2221 @!@!@
@!@!@STARTMSG 2221:0 @!@!@
  line 236, col 17 to line 236, col 72 of module BackeryLock: 0
@!@!@ENDMSG 2221 @!@!@
@!@!@STARTMSG 2221:0 @!@!@
  line 237, col 17 to line 237, col 64 of module BackeryLock: 0
@!@!@ENDMSG 2221 @!@!@
@!@!@STARTMSG 2221:0 @!@!@
  line 238, col 17 to line 238, col 85 of module BackeryLock: 0
@!@!@ENDMSG 2221 @!@!@
@!@!@STARTMSG 2221:0 @!@!@
  line 239, col 17 to line 239, col 85 of module BackeryLock: 0
@!@!@ENDMSG 2221 @!@!@
@!@!@STARTMSG 2221:0 @!@!@
  line 240, col 17 to line 240, col 67 of module BackeryLock: 0
@!@!@ENDMSG 2221 @!@!@
@!@!@STARTMSG 2221:0 @!@!@
  line 241, col 17 to line 241, col 67 of module BackeryLock: 0
@!@!@ENDMSG 2221 @!@!@
@!@!@STARTMSG 2221:0 @!@!@
  line 242, col 17 to line 242, col 67 of module BackeryLock: 0
@!@!@ENDMSG 2221 @!@!@
@!@!@STARTMSG 2221:0 @!@!@
  line 243, col 17 to line 245, col 52 of module BackeryLock: 0
@!@!@ENDMSG 2221 @!@!@
@!@!@STARTMSG 2772:0 @!@!@
<max1 line 250, col 1 to line 250, col 10 of module BackeryLock>: 117711:513735
@!@!@ENDMSG 2772 @!@!@
@!@!@STARTMSG 2221:0 @!@!@
  line 250, col 18 to line 250, col 34 of module BackeryLock: 5543564
@!@!@ENDMSG 2221 @!@!@
@!@!@STARTMSG 2221:0 @!@!@
  |line 250, col 18 to line 250, col 25 of module BackeryLock: 5029829
@!@!@ENDMSG 2221 @!@!@
@!@!@STARTMSG 2221:0 @!@!@
  line 251, col 21 to line 251, col 32 of module BackeryLock: 513735
@!@!@ENDMSG 2221 @!@!@
@!@!@STARTMSG 2221:0 @!@!@
  line 252, col 26 to line 252, col 62 of module BackeryLock: 508002
@!@!@ENDMSG 2221 @!@!@
@!@!@STARTMSG 2221:0 @!@!@
  line 253, col 26 to line 253, col 62 of module BackeryLock: 5733
@!@!@ENDMSG 2221 @!@!@
@!@!@STARTMSG 2221:0 @!@!@
  line 254, col 18 to line 257, col 73 of module BackeryLock: 513735
@!@!@ENDMSG 2221 @!@!@
@!@!@STARTMSG 2772:0 @!@!@
<max2 line 259, col 1 to line 259, col 10 of module BackeryLock>: 97832:424917
@!@!@ENDMSG 2772 @!@!@
@!@!@STARTMSG 2221:0 @!@!@
  line 259, col 18 to line 259, col 34 of module BackeryLock: 5454746
@!@!@ENDMSG 2221 @!@!@
@!@!@STARTMSG 2221:0 @!@!@
  |line 259, col 18 to line 259, col 25 of module BackeryLock: 5029829
@!@!@ENDMSG 2221 @!@!@
@!@!@STARTMSG 2221:0 @!@!@
  line 260, col 18 to line 260, col 64 of module BackeryLock: 424917
@!@!@ENDMSG 2221 @!@!@
@!@!@STARTMSG 2221:0 @!@!@
  line 261, col 18 to line 261, col 51 of module BackeryLock: 424917
@!@!@ENDMSG 2221 @!@!@
@!@!@STARTMSG 2221:0 @!@!@
  line 262, col 18 to line 265, col 63 of module BackeryLock: 424917
@!@!@ENDMSG 2221 @!@!@
@!@!@STARTMSG 2772:0 @!@!@
<max3 line 267, col 1 to line 267, col 10 of module BackeryLock>: 81602:352336
@!@!@ENDMSG 2772 @!@!@
@!@!@STARTMSG 2221:0 @!@!@
  line 267, col 18 to line 267, col 34 of module BackeryLock: 5382164
@!@!@ENDMSG 2221 @!@!@
@!@!@STARTMSG 2221:0 @!@!@
  |line 267, col 18 to line 267, col 25 of module BackeryLock: 5029828
@!@!@ENDMSG 2221 @!@!@
@!@!@STARTMSG 2221:0 @!@!@
  line 268, col 21 to line 268, col 40 of module BackeryLock: 352336
@!@!@ENDMSG 2221 @!@!@
@!@!@STARTMSG 2221:0 @!@!@
  line 269, col 26 to line 269, col 64 of module BackeryLock: 166372
@!@!@ENDMSG 2221 @!@!@
@!@!@STARTMSG 2221:0 @!@!@
  line 270, col 26 to line 271, col 34 of module BackeryLock: 185964
@!@!@ENDMSG 2221 @!@!@
@!@!@STARTMSG 2221:0 @!@!@
  line 272, col 18 to line 272, col 52 of module BackeryLock: 352336
@!@!@ENDMSG 2221 @!@!@
@!@!@STARTMSG 2221:0 @!@!@
  line 273, col 18 to line 273, col 51 of module BackeryLock: 352336
@!@!@ENDMSG 2221 @!@!@
@!@!@STARTMSG 2221:0 @!@!@
  line 274, col 18 to line 277, col 63 of module BackeryLock: 352336
@!@!@ENDMSG 2221 @!@!@
@!@!@STARTMSG 2772:0 @!@!@
<max4 line 279, col 1 to line 279, col 10 of module BackeryLock>: 920:3509
@!@!@ENDMSG 2772 @!@!@
@!@!@STARTMSG 2221:0 @!@!@
  line 279, col 18 to line 279, col 34 of module BackeryLock: 5033337
@!@!@ENDMSG 2221 @!@!@
@!@!@STARTMSG 2221:0 @!@!@
  |line 279, col 18 to line 279, col 25 of module BackeryLock: 5029828
@!@!@ENDMSG 2221 @!@!@
@!@!@STARTMSG 2221:0 @!@!@
  line 280, col 18 to line 280, col 60 of module BackeryLock: 3509
@!@!@ENDMSG 2221 @!@!@
@!@!@STARTMSG 2221:0 @!@!@
  line 281, col 18 to line 281, col 51 of module BackeryLock: 3509
@!@!@ENDMSG 2221 @!@!@
@!@!@STARTMSG 2221:0 @!@!@
  line 282, col 18 to line 285, col 47 of module BackeryLock: 3509
@!@!@ENDMSG 2221 @!@!@
@!@!@STARTMSG 2772:0 @!@!@
<max5 line 287, col 1 to line 287, col 10 of module BackeryLock>: 554:2028
@!@!@ENDMSG 2772 @!@!@
@!@!@STARTMSG 2221:0 @!@!@
  line 287, col 18 to line 287, col 34 of module BackeryLock: 5031856
@!@!@ENDMSG 2221 @!@!@
@!@!@STARTMSG 2221:0 @!@!@
  |line 287, col 18 to line 287, col 25 of module BackeryLock: 5029828
@!@!@ENDMSG 2221 @!@!@
@!@!@STARTMSG 2221:0 @!@!@
  line 288, col 18 to line 288, col 65 of module BackeryLock: 2028
@!@!@ENDMSG 2221 @!@!@
@!@!@STARTMSG 2221:0 @!@!@
  line 289, col 18 to line 289, col 62 of module BackeryLock: 2028
@!@!@ENDMSG 2221 @!@!@
@!@!@STARTMSG 2221:0 @!@!@
  line 290, col 18 to line 290, col 62 of module BackeryLock: 2028
@!@!@ENDMSG 2221 @!@!@
@!@!@STARTMSG 2221:0 @!@!@
  line 291, col 18 to line 291, col 71 of module BackeryLock: 2028
@!@!@ENDMSG 2221 @!@!@
@!@!@STARTMSG 2221:0 @!@!@
  line 292, col 18 to line 292, col 68 of module BackeryLock: 2028
@!@!@ENDMSG 2221 @!@!@
@!@!@STARTMSG 2221:0 @!@!@
  line 293, col 18 to line 296, col 47 of module BackeryLock: 2028
@!@!@ENDMSG 2221 @!@!@
@!@!@STARTMSG 2772:0 @!@!@
<wait1 line 301, col 1 to line 301, col 11 of module BackeryLock>: 0:0
@!@!@ENDMSG 2772 @!@!@
@!@!@STARTMSG 2221:0 @!@!@
  line 301, col 19 to line 301, col 36 of module BackeryLock: 5029895
@!@!@ENDMSG 2221 @!@!@
@!@!@STARTMSG 2221:0 @!@!@
  line 302, col 19 to line 302, col 53 of module BackeryLock: 0
@!@!@ENDMSG 2221 @!@!@
@!@!@STARTMSG 2221:0 @!@!@
  line 303, col 19 to line 306, col 74 of module BackeryLock: 0
@!@!@ENDMSG 2221 @!@!@
@!@!@STARTMSG 2772:0 @!@!@
<wait2 line 308, col 1 to line 308, col 11 of module BackeryLock>: 0:0
@!@!@ENDMSG 2772 @!@!@
@!@!@STARTMSG 2221:0 @!@!@
  line 308, col 19 to line 308, col 36 of module BackeryLock: 5029895
@!@!@ENDMSG 2221 @!@!@
@!@!@STARTMSG 2221:0 @!@!@
  line 309, col 19 to line 309, col 74 of module BackeryLock: 0
@!@!@ENDMSG 2221 @!@!@
@!@!@STARTMSG 2221:0 @!@!@
  line 310, col 19 to line 310, col 53 of module BackeryLock: 0
@!@!@ENDMSG 2221 @!@!@
@!@!@STARTMSG 2221:0 @!@!@
  line 311, col 19 to line 314, col 64 of module BackeryLock: 0
@!@!@ENDMSG 2221 @!@!@
@!@!@STARTMSG 2772:0 @!@!@
<wait3 line 316, col 1 to line 316, col 11 of module BackeryLock>: 0:0
@!@!@ENDMSG 2772 @!@!@
@!@!@STARTMSG 2221:0 @!@!@
  line 316, col 19 to line 316, col 36 of module BackeryLock: 5029895
@!@!@ENDMSG 2221 @!@!@
@!@!@STARTMSG 2221:0 @!@!@
  line 317, col 19 to line 317, col 74 of module BackeryLock: 0
@!@!@ENDMSG 2221 @!@!@
@!@!@STARTMSG 2221:0 @!@!@
  line 318, col 19 to line 318, col 53 of module BackeryLock: 0
@!@!@ENDMSG 2221 @!@!@
@!@!@STARTMSG 2221:0 @!@!@
  line 319, col 19 to line 322, col 64 of module BackeryLock: 0
@!@!@ENDMSG 2221 @!@!@
@!@!@STARTMSG 2772:0 @!@!@
<wait4 line 324, col 1 to line 324, col 11 of module BackeryLock>: 0:0
@!@!@ENDMSG 2772 @!@!@
@!@!@STARTMSG 2221:0 @!@!@
  line 324, col 19 to line 324, col 36 of module BackeryLock: 5029895
@!@!@ENDMSG 2221 @!@!@
@!@!@STARTMSG 2221:0 @!@!@
  line 325, col 22 to line 325, col 59 of module BackeryLock: 0
@!@!@ENDMSG 2221 @!@!@
@!@!@STARTMSG 2221:0 @!@!@
  line 326, col 22 to line 326, col 59 of module BackeryLock: 0
@!@!@ENDMSG 2221 @!@!@
@!@!@STARTMSG 2221:0 @!@!@
  line 327, col 22 to line 333, col 70 of module BackeryLock: 0
@!@!@ENDMSG 2221 @!@!@
@!@!@STARTMSG 2221:0 @!@!@
  line 334, col 19 to line 334, col 76 of module BackeryLock: 0
@!@!@ENDMSG 2221 @!@!@
@!@!@STARTMSG 2221:0 @!@!@
  line 335, col 19 to line 335, col 76 of module BackeryLock: 0
@!@!@ENDMSG 2221 @!@!@
@!@!@STARTMSG 2221:0 @!@!@
  line 336, col 19 to line 336, col 51 of module BackeryLock: 0
@!@!@ENDMSG 2221 @!@!@
@!@!@STARTMSG 2221:0 @!@!@
  line 337, col 19 to line 339, col 74 of module BackeryLock: 0
@!@!@ENDMSG 2221 @!@!@
@!@!@STARTMSG 2772:0 @!@!@
<wait5 line 341, col 1 to line 341, col 11 of module BackeryLock>: 0:0
@!@!@ENDMSG 2772 @!@!@
@!@!@STARTMSG 2221:0 @!@!@
  line 341, col 19 to line 341, col 36 of module BackeryLock: 5029960
@!@!@ENDMSG 2221 @!@!@
@!@!@STARTMSG 2221:0 @!@!@
  line 343, col 30 to line 343, col 64 of module BackeryLock: 0
@!@!@ENDMSG 2221 @!@!@
@!@!@STARTMSG 2221:0 @!@!@
  line 344, col 30 to line 344, col 64 of module BackeryLock: 0
@!@!@ENDMSG 2221 @!@!@
@!@!@STARTMSG 2221:0 @!@!@
  line 345, col 19 to line 348, col 74 of module BackeryLock: 0
@!@!@ENDMSG 2221 @!@!@
@!@!@STARTMSG 2772:0 @!@!@
<wait6 line 350, col 1 to line 350, col 11 of module BackeryLock>: 0:0
@!@!@ENDMSG 2772 @!@!@
@!@!@STARTMSG 2221:0 @!@!@
  line 350, col 19 to line 350, col 36 of module BackeryLock: 5030030
@!@!@ENDMSG 2221 @!@!@
@!@!@STARTMSG 2221:0 @!@!@
  line 351, col 19 to line 351, col 66 of module BackeryLock: 0
@!@!@ENDMSG 2221 @!@!@
@!@!@STARTMSG 2221:0 @!@!@
  line 352, col 19 to line 352, col 84 of module BackeryLock: 0
@!@!@ENDMSG 2221 @!@!@
@!@!@STARTMSG 2221:0 @!@!@
  line 353, col 19 to line 353, col 84 of module BackeryLock: 0
@!@!@ENDMSG 2221 @!@!@
@!@!@STARTMSG 2221:0 @!@!@
  line 354, col 19 to line 354, col 66 of module BackeryLock: 0
@!@!@ENDMSG 2221 @!@!@
@!@!@STARTMSG 2221:0 @!@!@
  line 355, col 19 to line 355, col 66 of module BackeryLock: 0
@!@!@ENDMSG 2221 @!@!@
@!@!@STARTMSG 2221:0 @!@!@
  line 356, col 19 to line 356, col 69 of module BackeryLock: 0
@!@!@ENDMSG 2221 @!@!@
@!@!@STARTMSG 2221:0 @!@!@
  line 357, col 19 to line 359, col 77 of module BackeryLock: 0
@!@!@ENDMSG 2221 @!@!@
@!@!@STARTMSG 2772:0 @!@!@
<p0 line 364, col 1 to line 364, col 8 of module BackeryLock>: 118361:539266
@!@!@ENDMSG 2772 @!@!@
@!@!@STARTMSG 2221:0 @!@!@
  line 364, col 16 to line 364, col 30 of module BackeryLock: 5569292
@!@!@ENDMSG 2221 @!@!@
@!@!@STARTMSG 2221:0 @!@!@
  |line 364, col 16 to line 364, col 23 of module BackeryLock: 5030026
@!@!@ENDMSG 2221 @!@!@
@!@!@STARTMSG 2221:0 @!@!@
  line 365, col 16 to line 365, col 47 of module BackeryLock: 539266
@!@!@ENDMSG 2221 @!@!@
@!@!@STARTMSG 2221:0 @!@!@
  line 366, col 16 to line 369, col 61 of module BackeryLock: 539266
@!@!@ENDMSG 2221 @!@!@
@!@!@STARTMSG 2772:0 @!@!@
<p1 line 371, col 1 to line 371, col 8 of module BackeryLock>: 105988:481842
@!@!@ENDMSG 2772 @!@!@
@!@!@STARTMSG 2221:0 @!@!@
  line 371, col 16 to line 371, col 30 of module BackeryLock: 5511868
@!@!@ENDMSG 2221 @!@!@
@!@!@STARTMSG 2221:0 @!@!@
  |line 371, col 16 to line 371, col 23 of module BackeryLock: 5030026
@!@!@ENDMSG 2221 @!@!@
@!@!@STARTMSG 2221:0 @!@!@
  line 372, col 16 to line 375, col 64 of module BackeryLock: 481842
@!@!@ENDMSG 2221 @!@!@
@!@!@STARTMSG 2221:0 @!@!@
  line 376, col 16 to line 376, col 73 of module BackeryLock: 481842
@!@!@ENDMSG 2221 @!@!@
@!@!@STARTMSG 2221:0 @!@!@
  line 377, col 16 to line 377, col 49 of module BackeryLock: 481842
@!@!@ENDMSG 2221 @!@!@
@!@!@STARTMSG 2221:0 @!@!@
  line 378, col 16 to line 381, col 45 of module BackeryLock: 481842
@!@!@ENDMSG 2221 @!@!@
@!@!@STARTMSG 2772:0 @!@!@
<p2 line 383, col 1 to line 383, col 8 of module BackeryLock>: 65675:295221
@!@!@ENDMSG 2772 @!@!@
@!@!@STARTMSG 2221:0 @!@!@
  line 383, col 16 to line 383, col 30 of module BackeryLock: 5325291
@!@!@ENDMSG 2221 @!@!@
@!@!@STARTMSG 2221:0 @!@!@
  |line 383, col 16 to line 383, col 23 of module BackeryLock: 5030070
@!@!@ENDMSG 2221 @!@!@
@!@!@STARTMSG 2221:0 @!@!@
  ||line 383, col 16 to line 383, col 17 of module BackeryLock: 5030070
@!@!@ENDMSG 2221 @!@!@
@!@!@STARTMSG 2221:0 @!@!@
  ||line 383, col 19 to line 383, col 22 of module BackeryLock: 5030069
@!@!@ENDMSG 2221 @!@!@
@!@!@STARTMSG 2221:0 @!@!@
  line 384, col 16 to line 384, col 62 of module BackeryLock: 295221
@!@!@ENDMSG 2221 @!@!@
@!@!@STARTMSG 2221:0 @!@!@
  line 385, col 16 to line 385, col 48 of module BackeryLock: 295221
@!@!@ENDMSG 2221 @!@!@
@!@!@STARTMSG 2221:0 @!@!@
  line 386, col 16 to line 389, col 45 of module BackeryLock: 295221
@!@!@ENDMSG 2221 @!@!@
@!@!@STARTMSG 2772:0 @!@!@
<p3a line 391, col 1 to line 391, col 9 of module BackeryLock>: 57628:258116
@!@!@ENDMSG 2772 @!@!@
@!@!@STARTMSG 2221:0 @!@!@
  line 391, col 17 to line 391, col 32 of module BackeryLock: 5288185
@!@!@ENDMSG 2221 @!@!@
@!@!@STARTMSG 2221:0 @!@!@
  |line 391, col 17 to line 391, col 24 of module BackeryLock: 5030069
@!@!@ENDMSG 2221 @!@!@
@!@!@STARTMSG 2221:0 @!@!@
  line 392, col 17 to line 397, col 65 of module BackeryLock: 258116
@!@!@ENDMSG 2221 @!@!@
@!@!@STARTMSG 2221:0 @!@!@
  line 398, col 17 to line 398, col 44 of module BackeryLock: 258116
@!@!@ENDMSG 2221 @!@!@
@!@!@STARTMSG 2221:0 @!@!@
  line 399, col 17 to line 399, col 43 of module BackeryLock: 258116
@!@!@ENDMSG 2221 @!@!@
@!@!@STARTMSG 2221:0 @!@!@
  line 400, col 17 to line 400, col 64 of module BackeryLock: 258116
@!@!@ENDMSG 2221 @!@!@
@!@!@STARTMSG 2221:0 @!@!@
  line 401, col 17 to line 401, col 50 of module BackeryLock: 258116
@!@!@ENDMSG 2221 @!@!@
@!@!@STARTMSG 2221:0 @!@!@
  line 402, col 17 to line 405, col 46 of module BackeryLock: 258116
@!@!@ENDMSG 2221 @!@!@
@!@!@STARTMSG 2772:0 @!@!@
<p3b line 407, col 1 to line 407, col 9 of module BackeryLock>: 315:1096
@!@!@ENDMSG 2772 @!@!@
@!@!@STARTMSG 2221:0 @!@!@
  line 407, col 17 to line 407, col 32 of module BackeryLock: 5031165
@!@!@ENDMSG 2221 @!@!@
@!@!@STARTMSG 2221:0 @!@!@
  |line 407, col 17 to line 407, col 24 of module BackeryLock: 5030069
@!@!@ENDMSG 2221 @!@!@
@!@!@STARTMSG 2221:0 @!@!@
  line 408, col 20 to line 408, col 49 of module BackeryLock: 1096
@!@!@ENDMSG 2221 @!@!@
@!@!@STARTMSG 2221:0 @!@!@
  line 409, col 28 to line 409, col 79 of module BackeryLock: 0
@!@!@ENDMSG 2221 @!@!@
@!@!@STARTMSG 2221:0 @!@!@
  line 410, col 28 to line 410, col 31 of module BackeryLock: 1096
@!@!@ENDMSG 2221 @!@!@
@!@!@STARTMSG 2221:0 @!@!@
  line 411, col 28 to line 411, col 43 of module BackeryLock: 1096
@!@!@ENDMSG 2221 @!@!@
@!@!@STARTMSG 2221:0 @!@!@
  line 412, col 17 to line 412, col 49 of module BackeryLock: 1096
@!@!@ENDMSG 2221 @!@!@
@!@!@STARTMSG 2221:0 @!@!@
  line 413, col 17 to line 416, col 46 of module BackeryLock: 1096
@!@!@ENDMSG 2221 @!@!@
@!@!@STARTMSG 2772:0 @!@!@
<p3c line 418, col 1 to line 418, col 9 of module BackeryLock>: 166:546
@!@!@ENDMSG 2772 @!@!@
@!@!@STARTMSG 2221:0 @!@!@
  line 418, col 17 to line 418, col 32 of module BackeryLock: 5030716
@!@!@ENDMSG 2221 @!@!@
@!@!@STARTMSG 2221:0 @!@!@
  |line 418, col 17 to line 418, col 24 of module BackeryLock: 5030170
@!@!@ENDMSG 2221 @!@!@
@!@!@STARTMSG 2221:0 @!@!@
  line 419, col 17 to line 419, col 71 of module BackeryLock: 546
@!@!@ENDMSG 2221 @!@!@
@!@!@STARTMSG 2221:0 @!@!@
  line 420, col 17 to line 420, col 48 of module BackeryLock: 546
@!@!@ENDMSG 2221 @!@!@
@!@!@STARTMSG 2221:0 @!@!@
  line 421, col 17 to line 424, col 46 of module BackeryLock: 546
@!@!@ENDMSG 2221 @!@!@
@!@!@STARTMSG 2772:0 @!@!@
<p4 line 426, col 1 to line 426, col 8 of module BackeryLock>: 80:246
@!@!@ENDMSG 2772 @!@!@
@!@!@STARTMSG 2221:0 @!@!@
  line 426, col 16 to line 426, col 30 of module BackeryLock: 5030416
@!@!@ENDMSG 2221 @!@!@
@!@!@STARTMSG 2221:0 @!@!@
  |line 426, col 16 to line 426, col 23 of module BackeryLock: 5030170
@!@!@ENDMSG 2221 @!@!@
@!@!@STARTMSG 2221:0 @!@!@
  line 427, col 16 to line 427, col 60 of module BackeryLock: 246
@!@!@ENDMSG 2221 @!@!@
@!@!@STARTMSG 2221:0 @!@!@
  line 428, col 16 to line 428, col 48 of module BackeryLock: 246
@!@!@ENDMSG 2221 @!@!@
@!@!@STARTMSG 2221:0 @!@!@
  line 429, col 16 to line 432, col 45 of module BackeryLock: 246
@!@!@ENDMSG 2221 @!@!@
@!@!@STARTMSG 2772:0 @!@!@
<p5a line 434, col 1 to line 434, col 9 of module BackeryLock>: 35:99
@!@!@ENDMSG 2772 @!@!@
@!@!@STARTMSG 2221:0 @!@!@
  line 434, col 17 to line 434, col 32 of module BackeryLock: 5030269
@!@!@ENDMSG 2221 @!@!@
@!@!@STARTMSG 2221:0 @!@!@
  |line 434, col 17 to line 434, col 24 of module BackeryLock: 5030170
@!@!@ENDMSG 2221 @!@!@
@!@!@STARTMSG 2221:0 @!@!@
  line 435, col 17 to line 435, col 84 of module BackeryLock: 99
@!@!@ENDMSG 2221 @!@!@
@!@!@STARTMSG 2221:0 @!@!@
  line 436, col 17 to line 436, col 49 of module BackeryLock: 99
@!@!@ENDMSG 2221 @!@!@
@!@!@STARTMSG 2221:0 @!@!@
  line 437, col 17 to line 440, col 56 of module BackeryLock: 99
@!@!@ENDMSG 2221 @!@!@
@!@!@STARTMSG 2772:0 @!@!@
<p5b line 442, col 1 to line 442, col 9 of module BackeryLock>: 60:140
@!@!@ENDMSG 2772 @!@!@
@!@!@STARTMSG 2221:0 @!@!@
  line 442, col 17 to line 442, col 32 of module BackeryLock: 5030250
@!@!@ENDMSG 2221 @!@!@
@!@!@STARTMSG 2221:0 @!@!@
  |line 442, col 17 to line 442, col 24 of module BackeryLock: 5030215
@!@!@ENDMSG 2221 @!@!@
@!@!@STARTMSG 2221:0 @!@!@
  line 443, col 20 to line 443, col 44 of module BackeryLock: 35
@!@!@ENDMSG 2221 @!@!@
@!@!@STARTMSG 2221:0 @!@!@
  line 445, col 30 to line 445, col 59 of module BackeryLock: 140
@!@!@ENDMSG 2221 @!@!@
@!@!@STARTMSG 2221:0 @!@!@
  line 444, col 40 to line 444, col 59 of module BackeryLock: 35
@!@!@ENDMSG 2221 @!@!@
@!@!@STARTMSG 2221:0 @!@!@
  line 446, col 28 to line 446, col 112 of module BackeryLock: 140
@!@!@ENDMSG 2221 @!@!@
@!@!@STARTMSG 2221:0 @!@!@
  line 447, col 28 to line 447, col 59 of module BackeryLock: 140
@!@!@ENDMSG 2221 @!@!@
@!@!@STARTMSG 2221:0 @!@!@
  line 448, col 28 to line 448, col 59 of module BackeryLock: 0
@!@!@ENDMSG 2221 @!@!@
@!@!@STARTMSG 2221:0 @!@!@
  line 449, col 28 to line 449, col 60 of module BackeryLock: 0
@!@!@ENDMSG 2221 @!@!@
@!@!@STARTMSG 2221:0 @!@!@
  line 450, col 17 to line 453, col 53 of module BackeryLock: 140
@!@!@ENDMSG 2221 @!@!@
@!@!@STARTMSG 2772:0 @!@!@
<p6 line 455, col 1 to line 455, col 8 of module BackeryLock>: 20:36
@!@!@ENDMSG 2772 @!@!@
@!@!@STARTMSG 2221:0 @!@!@
  line 455, col 16 to line 455, col 30 of module BackeryLock: 5030251
@!@!@ENDMSG 2221 @!@!@
@!@!@STARTMSG 2221:0 @!@!@
  |line 455, col 16 to line 455, col 23 of module BackeryLock: 5030215
@!@!@ENDMSG 2221 @!@!@
@!@!@STARTMSG 2221:0 @!@!@
  line 456, col 16 to line 456, col 40 of module BackeryLock: 72
@!@!@ENDMSG 2221 @!@!@
@!@!@STARTMSG 2221:0 @!@!@
  |line 456, col 16 to line 456, col 32 of module BackeryLock: 36
@!@!@ENDMSG 2221 @!@!@
@!@!@STARTMSG 2221:0 @!@!@
  |line 456, col 36 to line 456, col 40 of module BackeryLock: 36
@!@!@ENDMSG 2221 @!@!@
@!@!@STARTMSG 2221:0 @!@!@
  line 457, col 16 to line 457, col 47 of module BackeryLock: 36
@!@!@ENDMSG 2221 @!@!@
@!@!@STARTMSG 2221:0 @!@!@
  line 458, col 16 to line 461, col 61 of module BackeryLock: 36
@!@!@ENDMSG 2221 @!@!@
@!@!@STARTMSG 2772:0 @!@!@
<p7 line 463, col 1 to line 463, col 8 of module BackeryLock>: 4:4
@!@!@ENDMSG 2772 @!@!@
@!@!@STARTMSG 2221:0 @!@!@
  line 463, col 16 to line 463, col 30 of module BackeryLock: 5030219
@!@!@ENDMSG 2221 @!@!@
@!@!@STARTMSG 2221:0 @!@!@
  |line 463, col 16 to line 463, col 23 of module BackeryLock: 5030215
@!@!@ENDMSG 2221 @!@!@
@!@!@STARTMSG 2221:0 @!@!@
  line 464, col 16 to line 472, col 67 of module BackeryLock: 4
@!@!@ENDMSG 2221 @!@!@
@!@!@STARTMSG 2221:0 @!@!@
  line 473, col 16 to line 473, col 71 of module BackeryLock: 4
@!@!@ENDMSG 2221 @!@!@
@!@!@STARTMSG 2221:0 @!@!@
  line 474, col 16 to line 474, col 71 of module BackeryLock: 4
@!@!@ENDMSG 2221 @!@!@
@!@!@STARTMSG 2221:0 @!@!@
  line 475, col 16 to line 475, col 50 of module BackeryLock: 4
@!@!@ENDMSG 2221 @!@!@
@!@!@STARTMSG 2221:0 @!@!@
  line 476, col 16 to line 478, col 74 of module BackeryLock: 4
@!@!@ENDMSG 2221 @!@!@
@!@!@STARTMSG 2772:0 @!@!@
<p8 line 480, col 1 to line 480, col 8 of module BackeryLock>: 0:0
@!@!@ENDMSG 2772 @!@!@
@!@!@STARTMSG 2221:0 @!@!@
  line 480, col 16 to line 480, col 30 of module BackeryLock: 5030215
@!@!@ENDMSG 2221 @!@!@
@!@!@STARTMSG 2221:0 @!@!@
  line 482, col 16 to line 482, col 47 of module BackeryLock: 0
@!@!@ENDMSG 2221 @!@!@
@!@!@STARTMSG 2221:0 @!@!@
  line 483, col 16 to line 486, col 61 of module BackeryLock: 0
@!@!@ENDMSG 2221 @!@!@
@!@!@STARTMSG 2772:0 @!@!@
<p9 line 488, col 1 to line 488, col 8 of module BackeryLock>: 0:0
@!@!@ENDMSG 2772 @!@!@
@!@!@STARTMSG 2221:0 @!@!@
  line 488, col 16 to line 488, col 30 of module BackeryLock: 5030215
@!@!@ENDMSG 2221 @!@!@
@!@!@STARTMSG 2221:0 @!@!@
  line 489, col 16 to line 489, col 55 of module BackeryLock: 0
@!@!@ENDMSG 2221 @!@!@
@!@!@STARTMSG 2221:0 @!@!@
  line 490, col 16 to line 490, col 47 of module BackeryLock: 0
@!@!@ENDMSG 2221 @!@!@
@!@!@STARTMSG 2221:0 @!@!@
  line 491, col 16 to line 494, col 45 of module BackeryLock: 0
@!@!@ENDMSG 2221 @!@!@
@!@!@STARTMSG 2774:0 @!@!@
<MutualExclusion line 507, col 1 to line 507, col 15 of module BackeryLock>
@!@!@ENDMSG 2774 @!@!@
@!@!@STARTMSG 2221:0 @!@!@
  line 507, col 20 to line 507, col 105 of module BackeryLock: 1153382
@!@!@ENDMSG 2221 @!@!@
@!@!@STARTMSG 2221:0 @!@!@
  |line 507, col 47 to line 507, col 105 of module BackeryLock: 28834547
@!@!@ENDMSG 2221 @!@!@
@!@!@STARTMSG 2221:0 @!@!@
  ||line 507, col 48 to line 507, col 60 of module BackeryLock: 28834547
@!@!@ENDMSG 2221 @!@!@
@!@!@STARTMSG 2221:0 @!@!@
  ||line 507, col 66 to line 507, col 105 of module BackeryLock: 23067638
@!@!@ENDMSG 2221 @!@!@
@!@!@STARTMSG 2221:0 @!@!@
  |line 507, col 40 to line 507, col 43 of module BackeryLock: 1153382
@!@!@ENDMSG 2221 @!@!@
@!@!@STARTMSG 2202:0 @!@!@
End of statistics.
@!@!@ENDMSG 2202 @!@!@
