@!@!@STARTMSG 2262:0 @!@!@
TLC2 Version 2.16 of 31 December 2020 (rev: cdddf55)
@!@!@ENDMSG 2262 @!@!@
@!@!@STARTMSG 2187:0 @!@!@
Running breadth-first search Model-Checking with fp 29 and seed -6649291558929880628 with 1 worker on 1 cores with 592MB heap and 1329MB offheap memory [pid: 3492] (Linux 4.15.0-70-generic amd64, AdoptOpenJDK 14.0.1 x86_64, OffHeapDiskFPSet, DiskStateQueue).
@!@!@ENDMSG 2187 @!@!@
@!@!@STARTMSG 2220:0 @!@!@
Starting SANY...
@!@!@ENDMSG 2220 @!@!@
Parsing file /home/ruslan/.tlaplus/ConditionVariables/ConditionVariables.toolbox/Model_1/MC.tla
Parsing file /home/ruslan/.tlaplus/ConditionVariables/ConditionVariables.toolbox/Model_1/ConditionVariables.tla
Parsing file /home/ruslan/toolbox/plugins/org.lamport.tlatools_1.0.0.202012311918/tla2sany/StandardModules/TLC.tla
Parsing file /home/ruslan/toolbox/plugins/org.lamport.tlatools_1.0.0.202012311918/tla2sany/StandardModules/Integers.tla
Parsing file /home/ruslan/toolbox/plugins/org.lamport.tlatools_1.0.0.202012311918/tla2sany/StandardModules/Naturals.tla
Parsing file /home/ruslan/toolbox/plugins/org.lamport.tlatools_1.0.0.202012311918/tla2sany/StandardModules/Sequences.tla
Parsing file /home/ruslan/toolbox/plugins/org.lamport.tlatools_1.0.0.202012311918/tla2sany/StandardModules/FiniteSets.tla
Semantic processing of module Naturals
Semantic processing of module Integers
Semantic processing of module ConditionVariables
Semantic processing of module Sequences
Semantic processing of module FiniteSets
Semantic processing of module TLC
Semantic processing of module MC
@!@!@STARTMSG 2219:0 @!@!@
SANY finished.
@!@!@ENDMSG 2219 @!@!@
@!@!@STARTMSG 2185:0 @!@!@
Starting... (2021-01-09 17:13:07)
@!@!@ENDMSG 2185 @!@!@
@!@!@STARTMSG 2189:0 @!@!@
Computing initial states...
@!@!@ENDMSG 2189 @!@!@
@!@!@STARTMSG 2190:0 @!@!@
Finished computing initial states: 1 distinct state generated at 2021-01-09 17:13:09.
@!@!@ENDMSG 2190 @!@!@
@!@!@STARTMSG 2110:1 @!@!@
Invariant NoBelowZeroQueue is violated.
@!@!@ENDMSG 2110 @!@!@
@!@!@STARTMSG 2121:1 @!@!@
The behavior up to this point is:
@!@!@ENDMSG 2121 @!@!@
@!@!@STARTMSG 2217:4 @!@!@
1: <Initial predicate>
/\ mutex = ""
/\ pc = (0 :> "thread0Enter" @@ 1 :> "thread1Enter" @@ 2 :> "thread2Enter")
/\ queue = 0

@!@!@ENDMSG 2217 @!@!@
@!@!@STARTMSG 2217:4 @!@!@
2: <thread0Enter line 64, col 17 to line 66, col 47 of module ConditionVariables>
/\ mutex = ""
/\ pc = (0 :> "MonitorEnter0" @@ 1 :> "thread1Enter" @@ 2 :> "thread2Enter")
/\ queue = 0

@!@!@ENDMSG 2217 @!@!@
@!@!@STARTMSG 2217:4 @!@!@
3: <MonitorEnter0 line 68, col 18 to line 72, col 34 of module ConditionVariables>
/\ mutex = "thread0"
/\ pc = (0 :> "A" @@ 1 :> "thread1Enter" @@ 2 :> "thread2Enter")
/\ queue = 0

@!@!@ENDMSG 2217 @!@!@
@!@!@STARTMSG 2217:4 @!@!@
4: <A line 74, col 6 to line 80, col 22 of module ConditionVariables>
/\ mutex = ""
/\ pc = (0 :> "a1" @@ 1 :> "thread1Enter" @@ 2 :> "thread2Enter")
/\ queue = 0

@!@!@ENDMSG 2217 @!@!@
@!@!@STARTMSG 2217:4 @!@!@
5: <thread1Enter line 100, col 17 to line 102, col 47 of module ConditionVariables>
/\ mutex = ""
/\ pc = (0 :> "a1" @@ 1 :> "MonitorEnter1" @@ 2 :> "thread2Enter")
/\ queue = 0

@!@!@ENDMSG 2217 @!@!@
@!@!@STARTMSG 2217:4 @!@!@
6: <thread2Enter line 136, col 17 to line 138, col 47 of module ConditionVariables>
/\ mutex = ""
/\ pc = (0 :> "a1" @@ 1 :> "MonitorEnter1" @@ 2 :> "MonitorEnter2")
/\ queue = 0

@!@!@ENDMSG 2217 @!@!@
@!@!@STARTMSG 2217:4 @!@!@
7: <MonitorEnter2 line 140, col 18 to line 144, col 34 of module ConditionVariables>
/\ mutex = "thread2"
/\ pc = (0 :> "a1" @@ 1 :> "MonitorEnter1" @@ 2 :> "Enque")
/\ queue = 0

@!@!@ENDMSG 2217 @!@!@
@!@!@STARTMSG 2217:4 @!@!@
8: <Enque line 146, col 10 to line 149, col 26 of module ConditionVariables>
/\ mutex = "thread2"
/\ pc = (0 :> "a1" @@ 1 :> "MonitorEnter1" @@ 2 :> "MonitorPulseAll")
/\ queue = 1

@!@!@ENDMSG 2217 @!@!@
@!@!@STARTMSG 2217:4 @!@!@
9: <MonitorPulseAll line 151, col 20 to line 154, col 36 of module ConditionVariables>
/\ mutex = "Pulsed"
/\ pc = (0 :> "a1" @@ 1 :> "MonitorEnter1" @@ 2 :> "MonitorExit")
/\ queue = 1

@!@!@ENDMSG 2217 @!@!@
@!@!@STARTMSG 2217:4 @!@!@
10: <a1 line 82, col 7 to line 85, col 37 of module ConditionVariables>
/\ mutex = "Pulsed"
/\ pc = (0 :> "a2" @@ 1 :> "MonitorEnter1" @@ 2 :> "MonitorExit")
/\ queue = 1

@!@!@ENDMSG 2217 @!@!@
@!@!@STARTMSG 2217:4 @!@!@
11: <MonitorExit line 156, col 16 to line 159, col 32 of module ConditionVariables>
/\ mutex = ""
/\ pc = (0 :> "a2" @@ 1 :> "MonitorEnter1" @@ 2 :> "thread2Enter")
/\ queue = 1

@!@!@ENDMSG 2217 @!@!@
@!@!@STARTMSG 2217:4 @!@!@
12: <MonitorEnter1 line 104, col 18 to line 108, col 34 of module ConditionVariables>
/\ mutex = "thread1"
/\ pc = (0 :> "a2" @@ 1 :> "A1" @@ 2 :> "thread2Enter")
/\ queue = 1

@!@!@ENDMSG 2217 @!@!@
@!@!@STARTMSG 2217:4 @!@!@
13: <A1 line 110, col 7 to line 116, col 23 of module ConditionVariables>
/\ mutex = "thread1"
/\ pc = (0 :> "a2" @@ 1 :> "deque1" @@ 2 :> "thread2Enter")
/\ queue = 1

@!@!@ENDMSG 2217 @!@!@
@!@!@STARTMSG 2217:4 @!@!@
14: <deque1 line 129, col 11 to line 132, col 52 of module ConditionVariables>
/\ mutex = ""
/\ pc = (0 :> "a2" @@ 1 :> "thread1Enter" @@ 2 :> "thread2Enter")
/\ queue = 0

@!@!@ENDMSG 2217 @!@!@
@!@!@STARTMSG 2217:4 @!@!@
15: <a2 line 87, col 7 to line 91, col 23 of module ConditionVariables>
/\ mutex = "thread0"
/\ pc = (0 :> "deque0" @@ 1 :> "thread1Enter" @@ 2 :> "thread2Enter")
/\ queue = 0

@!@!@ENDMSG 2217 @!@!@
@!@!@STARTMSG 2217:4 @!@!@
16: <deque0 line 93, col 11 to line 96, col 52 of module ConditionVariables>
/\ mutex = ""
/\ pc = (0 :> "thread0Enter" @@ 1 :> "thread1Enter" @@ 2 :> "thread2Enter")
/\ queue = -1

@!@!@ENDMSG 2217 @!@!@
@!@!@STARTMSG 2201:0 @!@!@
The coverage statistics at 2021-01-09 17:13:09
@!@!@ENDMSG 2201 @!@!@
@!@!@STARTMSG 2773:0 @!@!@
<Init line 57, col 1 to line 57, col 4 of module ConditionVariables>: 2:2
@!@!@ENDMSG 2773 @!@!@
@!@!@STARTMSG 2221:0 @!@!@
  line 58, col 9 to line 62, col 70 of module ConditionVariables: 2
@!@!@ENDMSG 2221 @!@!@
@!@!@STARTMSG 2772:0 @!@!@
<thread0Enter line 64, col 1 to line 64, col 12 of module ConditionVariables>: 2:55
@!@!@ENDMSG 2772 @!@!@
@!@!@STARTMSG 2221:0 @!@!@
  line 64, col 20 to line 64, col 41 of module ConditionVariables: 261
@!@!@ENDMSG 2221 @!@!@
@!@!@STARTMSG 2221:0 @!@!@
  |line 64, col 20 to line 64, col 24 of module ConditionVariables: 206
@!@!@ENDMSG 2221 @!@!@
@!@!@STARTMSG 2221:0 @!@!@
  line 65, col 20 to line 65, col 59 of module ConditionVariables: 55
@!@!@ENDMSG 2221 @!@!@
@!@!@STARTMSG 2221:0 @!@!@
  line 66, col 20 to line 66, col 47 of module ConditionVariables: 55
@!@!@ENDMSG 2221 @!@!@
@!@!@STARTMSG 2772:0 @!@!@
<MonitorEnter0 line 68, col 1 to line 68, col 13 of module ConditionVariables>: 8:19
@!@!@ENDMSG 2772 @!@!@
@!@!@STARTMSG 2221:0 @!@!@
  line 68, col 21 to line 68, col 43 of module ConditionVariables: 224
@!@!@ENDMSG 2221 @!@!@
@!@!@STARTMSG 2221:0 @!@!@
  |line 68, col 21 to line 68, col 25 of module ConditionVariables: 205
@!@!@ENDMSG 2221 @!@!@
@!@!@STARTMSG 2221:0 @!@!@
  line 69, col 21 to line 69, col 30 of module ConditionVariables: 67
@!@!@ENDMSG 2221 @!@!@
@!@!@STARTMSG 2221:0 @!@!@
  |line 69, col 21 to line 69, col 25 of module ConditionVariables: 48
@!@!@ENDMSG 2221 @!@!@
@!@!@STARTMSG 2221:0 @!@!@
  line 70, col 21 to line 70, col 38 of module ConditionVariables: 19
@!@!@ENDMSG 2221 @!@!@
@!@!@STARTMSG 2221:0 @!@!@
  line 71, col 21 to line 71, col 48 of module ConditionVariables: 19
@!@!@ENDMSG 2221 @!@!@
@!@!@STARTMSG 2221:0 @!@!@
  line 72, col 21 to line 72, col 34 of module ConditionVariables: 19
@!@!@ENDMSG 2221 @!@!@
@!@!@STARTMSG 2772:0 @!@!@
<A line 74, col 1 to line 74, col 1 of module ConditionVariables>: 7:18
@!@!@ENDMSG 2772 @!@!@
@!@!@STARTMSG 2221:0 @!@!@
  line 74, col 9 to line 74, col 19 of module ConditionVariables: 222
@!@!@ENDMSG 2221 @!@!@
@!@!@STARTMSG 2221:0 @!@!@
  |line 74, col 9 to line 74, col 13 of module ConditionVariables: 204
@!@!@ENDMSG 2221 @!@!@
@!@!@STARTMSG 2221:0 @!@!@
  line 75, col 13 to line 75, col 21 of module ConditionVariables: 18
@!@!@ENDMSG 2221 @!@!@
@!@!@STARTMSG 2221:0 @!@!@
  line 76, col 17 to line 77, col 48 of module ConditionVariables: 7
@!@!@ENDMSG 2221 @!@!@
@!@!@STARTMSG 2221:0 @!@!@
  line 78, col 17 to line 79, col 33 of module ConditionVariables: 11
@!@!@ENDMSG 2221 @!@!@
@!@!@STARTMSG 2221:0 @!@!@
  line 80, col 9 to line 80, col 22 of module ConditionVariables: 18
@!@!@ENDMSG 2221 @!@!@
@!@!@STARTMSG 2772:0 @!@!@
<a1 line 82, col 1 to line 82, col 2 of module ConditionVariables>: 3:7
@!@!@ENDMSG 2772 @!@!@
@!@!@STARTMSG 2221:0 @!@!@
  line 82, col 10 to line 82, col 21 of module ConditionVariables: 210
@!@!@ENDMSG 2221 @!@!@
@!@!@STARTMSG 2221:0 @!@!@
  |line 82, col 10 to line 82, col 14 of module ConditionVariables: 203
@!@!@ENDMSG 2221 @!@!@
@!@!@STARTMSG 2221:0 @!@!@
  line 83, col 10 to line 83, col 25 of module ConditionVariables: 53
@!@!@ENDMSG 2221 @!@!@
@!@!@STARTMSG 2221:0 @!@!@
  |line 83, col 10 to line 83, col 14 of module ConditionVariables: 46
@!@!@ENDMSG 2221 @!@!@
@!@!@STARTMSG 2221:0 @!@!@
  line 84, col 10 to line 84, col 38 of module ConditionVariables: 7
@!@!@ENDMSG 2221 @!@!@
@!@!@STARTMSG 2221:0 @!@!@
  line 85, col 10 to line 85, col 37 of module ConditionVariables: 7
@!@!@ENDMSG 2221 @!@!@
@!@!@STARTMSG 2772:0 @!@!@
<a2 line 87, col 1 to line 87, col 2 of module ConditionVariables>: 1:11
@!@!@ENDMSG 2772 @!@!@
@!@!@STARTMSG 2221:0 @!@!@
  line 87, col 10 to line 87, col 21 of module ConditionVariables: 213
@!@!@ENDMSG 2221 @!@!@
@!@!@STARTMSG 2221:0 @!@!@
  |line 87, col 10 to line 87, col 14 of module ConditionVariables: 202
@!@!@ENDMSG 2221 @!@!@
@!@!@STARTMSG 2221:0 @!@!@
  line 88, col 10 to line 88, col 19 of module ConditionVariables: 39
@!@!@ENDMSG 2221 @!@!@
@!@!@STARTMSG 2221:0 @!@!@
  |line 88, col 10 to line 88, col 14 of module ConditionVariables: 28
@!@!@ENDMSG 2221 @!@!@
@!@!@STARTMSG 2221:0 @!@!@
  line 89, col 10 to line 89, col 27 of module ConditionVariables: 11
@!@!@ENDMSG 2221 @!@!@
@!@!@STARTMSG 2221:0 @!@!@
  line 90, col 10 to line 90, col 42 of module ConditionVariables: 11
@!@!@ENDMSG 2221 @!@!@
@!@!@STARTMSG 2221:0 @!@!@
  line 91, col 10 to line 91, col 23 of module ConditionVariables: 11
@!@!@ENDMSG 2221 @!@!@
@!@!@STARTMSG 2772:0 @!@!@
<deque0 line 93, col 1 to line 93, col 6 of module ConditionVariables>: 2:11
@!@!@ENDMSG 2772 @!@!@
@!@!@STARTMSG 2221:0 @!@!@
  line 93, col 14 to line 93, col 29 of module ConditionVariables: 211
@!@!@ENDMSG 2221 @!@!@
@!@!@STARTMSG 2221:0 @!@!@
  |line 93, col 14 to line 93, col 18 of module ConditionVariables: 201
@!@!@ENDMSG 2221 @!@!@
@!@!@STARTMSG 2221:0 @!@!@
  line 94, col 14 to line 94, col 31 of module ConditionVariables: 10
@!@!@ENDMSG 2221 @!@!@
@!@!@STARTMSG 2221:0 @!@!@
  |line 94, col 23 to line 94, col 31 of module ConditionVariables: 11
@!@!@ENDMSG 2221 @!@!@
@!@!@STARTMSG 2221:0 @!@!@
  line 95, col 14 to line 95, col 24 of module ConditionVariables: 10
@!@!@ENDMSG 2221 @!@!@
@!@!@STARTMSG 2221:0 @!@!@
  line 96, col 14 to line 96, col 52 of module ConditionVariables: 10
@!@!@ENDMSG 2221 @!@!@
@!@!@STARTMSG 2221:0 @!@!@
  |line 96, col 20 to line 96, col 52 of module ConditionVariables: 11
@!@!@ENDMSG 2221 @!@!@
@!@!@STARTMSG 2772:0 @!@!@
<thread1Enter line 100, col 1 to line 100, col 12 of module ConditionVariables>: 5:55
@!@!@ENDMSG 2772 @!@!@
@!@!@STARTMSG 2221:0 @!@!@
  line 100, col 20 to line 100, col 41 of module ConditionVariables: 254
@!@!@ENDMSG 2221 @!@!@
@!@!@STARTMSG 2221:0 @!@!@
  |line 100, col 20 to line 100, col 24 of module ConditionVariables: 199
@!@!@ENDMSG 2221 @!@!@
@!@!@STARTMSG 2221:0 @!@!@
  line 101, col 20 to line 101, col 59 of module ConditionVariables: 55
@!@!@ENDMSG 2221 @!@!@
@!@!@STARTMSG 2221:0 @!@!@
  line 102, col 20 to line 102, col 47 of module ConditionVariables: 55
@!@!@ENDMSG 2221 @!@!@
@!@!@STARTMSG 2772:0 @!@!@
<MonitorEnter1 line 104, col 1 to line 104, col 13 of module ConditionVariables>: 9:21
@!@!@ENDMSG 2772 @!@!@
@!@!@STARTMSG 2221:0 @!@!@
  line 104, col 21 to line 104, col 43 of module ConditionVariables: 219
@!@!@ENDMSG 2221 @!@!@
@!@!@STARTMSG 2221:0 @!@!@
  |line 104, col 21 to line 104, col 25 of module ConditionVariables: 198
@!@!@ENDMSG 2221 @!@!@
@!@!@STARTMSG 2221:0 @!@!@
  line 105, col 21 to line 105, col 30 of module ConditionVariables: 74
@!@!@ENDMSG 2221 @!@!@
@!@!@STARTMSG 2221:0 @!@!@
  |line 105, col 21 to line 105, col 25 of module ConditionVariables: 53
@!@!@ENDMSG 2221 @!@!@
@!@!@STARTMSG 2221:0 @!@!@
  line 106, col 21 to line 106, col 38 of module ConditionVariables: 21
@!@!@ENDMSG 2221 @!@!@
@!@!@STARTMSG 2221:0 @!@!@
  line 107, col 21 to line 107, col 49 of module ConditionVariables: 21
@!@!@ENDMSG 2221 @!@!@
@!@!@STARTMSG 2221:0 @!@!@
  line 108, col 21 to line 108, col 34 of module ConditionVariables: 21
@!@!@ENDMSG 2221 @!@!@
@!@!@STARTMSG 2772:0 @!@!@
<A1 line 110, col 1 to line 110, col 2 of module ConditionVariables>: 9:18
@!@!@ENDMSG 2772 @!@!@
@!@!@STARTMSG 2221:0 @!@!@
  line 110, col 10 to line 110, col 21 of module ConditionVariables: 215
@!@!@ENDMSG 2221 @!@!@
@!@!@STARTMSG 2221:0 @!@!@
  |line 110, col 10 to line 110, col 14 of module ConditionVariables: 197
@!@!@ENDMSG 2221 @!@!@
@!@!@STARTMSG 2221:0 @!@!@
  line 111, col 14 to line 111, col 22 of module ConditionVariables: 18
@!@!@ENDMSG 2221 @!@!@
@!@!@STARTMSG 2221:0 @!@!@
  line 112, col 18 to line 113, col 50 of module ConditionVariables: 6
@!@!@ENDMSG 2221 @!@!@
@!@!@STARTMSG 2221:0 @!@!@
  line 114, col 18 to line 115, col 34 of module ConditionVariables: 12
@!@!@ENDMSG 2221 @!@!@
@!@!@STARTMSG 2221:0 @!@!@
  line 116, col 10 to line 116, col 23 of module ConditionVariables: 18
@!@!@ENDMSG 2221 @!@!@
@!@!@STARTMSG 2772:0 @!@!@
<a10 line 118, col 1 to line 118, col 3 of module ConditionVariables>: 4:6
@!@!@ENDMSG 2772 @!@!@
@!@!@STARTMSG 2221:0 @!@!@
  line 118, col 11 to line 118, col 23 of module ConditionVariables: 202
@!@!@ENDMSG 2221 @!@!@
@!@!@STARTMSG 2221:0 @!@!@
  |line 118, col 11 to line 118, col 15 of module ConditionVariables: 196
@!@!@ENDMSG 2221 @!@!@
@!@!@STARTMSG 2221:0 @!@!@
  line 119, col 11 to line 119, col 26 of module ConditionVariables: 46
@!@!@ENDMSG 2221 @!@!@
@!@!@STARTMSG 2221:0 @!@!@
  |line 119, col 11 to line 119, col 15 of module ConditionVariables: 40
@!@!@ENDMSG 2221 @!@!@
@!@!@STARTMSG 2221:0 @!@!@
  line 120, col 11 to line 120, col 40 of module ConditionVariables: 6
@!@!@ENDMSG 2221 @!@!@
@!@!@STARTMSG 2221:0 @!@!@
  line 121, col 11 to line 121, col 38 of module ConditionVariables: 6
@!@!@ENDMSG 2221 @!@!@
@!@!@STARTMSG 2772:0 @!@!@
<a12 line 123, col 1 to line 123, col 3 of module ConditionVariables>: 1:9
@!@!@ENDMSG 2772 @!@!@
@!@!@STARTMSG 2221:0 @!@!@
  line 123, col 11 to line 123, col 23 of module ConditionVariables: 205
@!@!@ENDMSG 2221 @!@!@
@!@!@STARTMSG 2221:0 @!@!@
  |line 123, col 11 to line 123, col 15 of module ConditionVariables: 196
@!@!@ENDMSG 2221 @!@!@
@!@!@STARTMSG 2221:0 @!@!@
  line 124, col 11 to line 124, col 20 of module ConditionVariables: 32
@!@!@ENDMSG 2221 @!@!@
@!@!@STARTMSG 2221:0 @!@!@
  |line 124, col 11 to line 124, col 15 of module ConditionVariables: 23
@!@!@ENDMSG 2221 @!@!@
@!@!@STARTMSG 2221:0 @!@!@
  line 125, col 11 to line 125, col 28 of module ConditionVariables: 9
@!@!@ENDMSG 2221 @!@!@
@!@!@STARTMSG 2221:0 @!@!@
  line 126, col 11 to line 126, col 43 of module ConditionVariables: 9
@!@!@ENDMSG 2221 @!@!@
@!@!@STARTMSG 2221:0 @!@!@
  line 127, col 11 to line 127, col 24 of module ConditionVariables: 9
@!@!@ENDMSG 2221 @!@!@
@!@!@STARTMSG 2772:0 @!@!@
<deque1 line 129, col 1 to line 129, col 6 of module ConditionVariables>: 1:10
@!@!@ENDMSG 2772 @!@!@
@!@!@STARTMSG 2221:0 @!@!@
  line 129, col 14 to line 129, col 29 of module ConditionVariables: 206
@!@!@ENDMSG 2221 @!@!@
@!@!@STARTMSG 2221:0 @!@!@
  |line 129, col 14 to line 129, col 18 of module ConditionVariables: 196
@!@!@ENDMSG 2221 @!@!@
@!@!@STARTMSG 2221:0 @!@!@
  line 130, col 14 to line 130, col 31 of module ConditionVariables: 10
@!@!@ENDMSG 2221 @!@!@
@!@!@STARTMSG 2221:0 @!@!@
  line 131, col 14 to line 131, col 24 of module ConditionVariables: 10
@!@!@ENDMSG 2221 @!@!@
@!@!@STARTMSG 2221:0 @!@!@
  line 132, col 14 to line 132, col 52 of module ConditionVariables: 10
@!@!@ENDMSG 2221 @!@!@
@!@!@STARTMSG 2772:0 @!@!@
<thread2Enter line 136, col 1 to line 136, col 12 of module ConditionVariables>: 61:62
@!@!@ENDMSG 2772 @!@!@
@!@!@STARTMSG 2221:0 @!@!@
  line 136, col 20 to line 136, col 41 of module ConditionVariables: 257
@!@!@ENDMSG 2221 @!@!@
@!@!@STARTMSG 2221:0 @!@!@
  |line 136, col 20 to line 136, col 24 of module ConditionVariables: 195
@!@!@ENDMSG 2221 @!@!@
@!@!@STARTMSG 2221:0 @!@!@
  line 137, col 20 to line 137, col 59 of module ConditionVariables: 62
@!@!@ENDMSG 2221 @!@!@
@!@!@STARTMSG 2221:0 @!@!@
  line 138, col 20 to line 138, col 47 of module ConditionVariables: 62
@!@!@ENDMSG 2221 @!@!@
@!@!@STARTMSG 2772:0 @!@!@
<MonitorEnter2 line 140, col 1 to line 140, col 13 of module ConditionVariables>: 29:30
@!@!@ENDMSG 2772 @!@!@
@!@!@STARTMSG 2221:0 @!@!@
  line 140, col 21 to line 140, col 43 of module ConditionVariables: 224
@!@!@ENDMSG 2221 @!@!@
@!@!@STARTMSG 2221:0 @!@!@
  |line 140, col 21 to line 140, col 25 of module ConditionVariables: 194
@!@!@ENDMSG 2221 @!@!@
@!@!@STARTMSG 2221:0 @!@!@
  line 141, col 21 to line 141, col 30 of module ConditionVariables: 84
@!@!@ENDMSG 2221 @!@!@
@!@!@STARTMSG 2221:0 @!@!@
  |line 141, col 21 to line 141, col 25 of module ConditionVariables: 54
@!@!@ENDMSG 2221 @!@!@
@!@!@STARTMSG 2221:0 @!@!@
  line 142, col 21 to line 142, col 38 of module ConditionVariables: 30
@!@!@ENDMSG 2221 @!@!@
@!@!@STARTMSG 2221:0 @!@!@
  line 143, col 21 to line 143, col 52 of module ConditionVariables: 30
@!@!@ENDMSG 2221 @!@!@
@!@!@STARTMSG 2221:0 @!@!@
  line 144, col 21 to line 144, col 34 of module ConditionVariables: 30
@!@!@ENDMSG 2221 @!@!@
@!@!@STARTMSG 2772:0 @!@!@
<Enque line 146, col 1 to line 146, col 5 of module ConditionVariables>: 27:28
@!@!@ENDMSG 2772 @!@!@
@!@!@STARTMSG 2221:0 @!@!@
  line 146, col 13 to line 146, col 27 of module ConditionVariables: 221
@!@!@ENDMSG 2221 @!@!@
@!@!@STARTMSG 2221:0 @!@!@
  |line 146, col 13 to line 146, col 17 of module ConditionVariables: 193
@!@!@ENDMSG 2221 @!@!@
@!@!@STARTMSG 2221:0 @!@!@
  line 147, col 13 to line 147, col 30 of module ConditionVariables: 28
@!@!@ENDMSG 2221 @!@!@
@!@!@STARTMSG 2221:0 @!@!@
  line 148, col 13 to line 148, col 54 of module ConditionVariables: 28
@!@!@ENDMSG 2221 @!@!@
@!@!@STARTMSG 2221:0 @!@!@
  line 149, col 13 to line 149, col 26 of module ConditionVariables: 28
@!@!@ENDMSG 2221 @!@!@
@!@!@STARTMSG 2772:0 @!@!@
<MonitorPulseAll line 151, col 1 to line 151, col 15 of module ConditionVariables>: 23:24
@!@!@ENDMSG 2772 @!@!@
@!@!@STARTMSG 2221:0 @!@!@
  line 151, col 23 to line 151, col 47 of module ConditionVariables: 216
@!@!@ENDMSG 2221 @!@!@
@!@!@STARTMSG 2221:0 @!@!@
  |line 151, col 23 to line 151, col 27 of module ConditionVariables: 192
@!@!@ENDMSG 2221 @!@!@
@!@!@STARTMSG 2221:0 @!@!@
  line 152, col 23 to line 152, col 39 of module ConditionVariables: 24
@!@!@ENDMSG 2221 @!@!@
@!@!@STARTMSG 2221:0 @!@!@
  line 153, col 23 to line 153, col 60 of module ConditionVariables: 24
@!@!@ENDMSG 2221 @!@!@
@!@!@STARTMSG 2221:0 @!@!@
  line 154, col 23 to line 154, col 36 of module ConditionVariables: 24
@!@!@ENDMSG 2221 @!@!@
@!@!@STARTMSG 2772:0 @!@!@
<MonitorExit line 156, col 1 to line 156, col 11 of module ConditionVariables>: 26:27
@!@!@ENDMSG 2772 @!@!@
@!@!@STARTMSG 2221:0 @!@!@
  line 156, col 19 to line 156, col 39 of module ConditionVariables: 218
@!@!@ENDMSG 2221 @!@!@
@!@!@STARTMSG 2221:0 @!@!@
  |line 156, col 19 to line 156, col 23 of module ConditionVariables: 191
@!@!@ENDMSG 2221 @!@!@
@!@!@STARTMSG 2221:0 @!@!@
  line 157, col 19 to line 157, col 29 of module ConditionVariables: 27
@!@!@ENDMSG 2221 @!@!@
@!@!@STARTMSG 2221:0 @!@!@
  line 158, col 19 to line 158, col 57 of module ConditionVariables: 27
@!@!@ENDMSG 2221 @!@!@
@!@!@STARTMSG 2221:0 @!@!@
  line 159, col 19 to line 159, col 32 of module ConditionVariables: 27
@!@!@ENDMSG 2221 @!@!@
@!@!@STARTMSG 2774:0 @!@!@
<NoBelowZeroQueue line 169, col 1 to line 169, col 16 of module ConditionVariables>
@!@!@ENDMSG 2774 @!@!@
@!@!@STARTMSG 2221:0 @!@!@
  line 169, col 21 to line 169, col 30 of module ConditionVariables: 219
@!@!@ENDMSG 2221 @!@!@
@!@!@STARTMSG 2202:0 @!@!@
End of statistics.
@!@!@ENDMSG 2202 @!@!@
@!@!@STARTMSG 2200:0 @!@!@
Progress(16) at 2021-01-09 17:13:09: 394 states generated (4 291 s/min), 219 distinct states found (2 385 ds/min), 27 states left on queue.
@!@!@ENDMSG 2200 @!@!@
@!@!@STARTMSG 2199:0 @!@!@
394 states generated, 219 distinct states found, 27 states left on queue.
@!@!@ENDMSG 2199 @!@!@
@!@!@STARTMSG 2194:0 @!@!@
The depth of the complete state graph search is 16.
@!@!@ENDMSG 2194 @!@!@
@!@!@STARTMSG 2268:0 @!@!@
The average outdegree of the complete state graph is 1 (minimum is 0, the maximum 3 and the 95th percentile is 2).
@!@!@ENDMSG 2268 @!@!@
@!@!@STARTMSG 2186:0 @!@!@
Finished in 5543ms at (2021-01-09 17:13:09)
@!@!@ENDMSG 2186 @!@!@
